  Server.cpp
G:\VISUAL STUDIO\vs\VC\Tools\MSVC\14.37.32822\include\filesystem(13): warning STL4038: The contents of <filesystem> are available only with C++17 or later.
G:\Львовское Игра\Proj2\SFML - Server\SFML - Server\Server.cpp(154,49): warning C4101: e: неиспользованная локальная переменная
G:\Львовское Игра\Proj2\SFML - Server\SFML - Server\Server.cpp(186,49): warning C4101: e: неиспользованная локальная переменная
G:\Львовское Игра\Proj2\SFML - Server\SFML - Server\Server.cpp(990,80): warning C4244: аргумент: преобразование "int" в "T", возможна потеря данных
          with
          [
              T=float
          ]
G:\Львовское Игра\Proj2\SFML - Server\SFML - Server\Server.cpp(990,66): warning C4244: аргумент: преобразование "int" в "T", возможна потеря данных
          with
          [
              T=float
          ]
G:\Львовское Игра\Proj2\SFML - Server\SFML - Server\Server.cpp(991,60): warning C4244: аргумент: преобразование "int" в "float", возможна потеря данных
G:\Львовское Игра\Proj2\SFML - Server\SFML - Server\Server.cpp(991,46): warning C4244: аргумент: преобразование "int" в "float", возможна потеря данных
G:\Львовское Игра\Proj2\SFML - Server\SFML - Server\Server.cpp(995,35): warning C4244: аргумент: преобразование "int" в "float", возможна потеря данных
G:\Львовское Игра\Proj2\SFML - Server\SFML - Server\Server.cpp(1000,81): warning C4244: аргумент: преобразование "int" в "T", возможна потеря данных
          with
          [
              T=float
          ]
G:\Львовское Игра\Proj2\SFML - Server\SFML - Server\Server.cpp(1000,67): warning C4244: аргумент: преобразование "int" в "T", возможна потеря данных
          with
          [
              T=float
          ]
G:\Львовское Игра\Proj2\SFML - Server\SFML - Server\Server.cpp(1001,61): warning C4244: аргумент: преобразование "int" в "float", возможна потеря данных
G:\Львовское Игра\Proj2\SFML - Server\SFML - Server\Server.cpp(1001,47): warning C4244: аргумент: преобразование "int" в "float", возможна потеря данных
G:\Львовское Игра\Proj2\SFML - Server\SFML - Server\Server.cpp(1003,36): warning C4244: аргумент: преобразование "int" в "float", возможна потеря данных
G:\Львовское Игра\Proj2\SFML - Server\SFML - Server\Server.cpp(1014,36): warning C4244: инициализация: преобразование "int" в "float", возможна потеря данных
G:\Львовское Игра\Proj2\SFML - Server\SFML - Server\Server.cpp(1015,34): warning C4244: инициализация: преобразование "int" в "float", возможна потеря данных
G:\Львовское Игра\Proj2\SFML - Server\SFML - Server\Server.cpp(1019,29): warning C4244: инициализация: преобразование "double" в "float", возможна потеря данных
G:\Львовское Игра\Proj2\SFML - Server\SFML - Server\Server.cpp(1026,58): warning C4244: аргумент: преобразование "int" в "float", возможна потеря данных
G:\Львовское Игра\Proj2\SFML - Server\SFML - Server\Server.cpp(1026,44): warning C4244: аргумент: преобразование "int" в "float", возможна потеря данных
G:\Львовское Игра\Proj2\SFML - Server\SFML - Server\Server.cpp(1031,33): warning C4244: аргумент: преобразование "int" в "float", возможна потеря данных
G:\Львовское Игра\Proj2\SFML - Server\SFML - Server\Server.cpp(1044,36): warning C4244: инициализация: преобразование "int" в "float", возможна потеря данных
G:\Львовское Игра\Proj2\SFML - Server\SFML - Server\Server.cpp(1045,34): warning C4244: инициализация: преобразование "int" в "float", возможна потеря данных
G:\Львовское Игра\Proj2\SFML - Server\SFML - Server\Server.cpp(1049,29): warning C4244: инициализация: преобразование "double" в "float", возможна потеря данных
G:\Львовское Игра\Proj2\SFML - Server\SFML - Server\Server.cpp(1056,58): warning C4244: аргумент: преобразование "int" в "float", возможна потеря данных
G:\Львовское Игра\Proj2\SFML - Server\SFML - Server\Server.cpp(1056,44): warning C4244: аргумент: преобразование "int" в "float", возможна потеря данных
G:\Львовское Игра\Proj2\SFML - Server\SFML - Server\Server.cpp(1061,33): warning C4244: аргумент: преобразование "int" в "float", возможна потеря данных
G:\Львовское Игра\Proj2\SFML - Server\SFML - Server\Server.cpp(1073,26): warning C4244: инициализация: преобразование "int" в "float", возможна потеря данных
G:\Львовское Игра\Proj2\SFML - Server\SFML - Server\Server.cpp(1078,29): warning C4244: инициализация: преобразование "double" в "float", возможна потеря данных
G:\Львовское Игра\Proj2\SFML - Server\SFML - Server\Server.cpp(1087,58): warning C4244: аргумент: преобразование "int" в "float", возможна потеря данных
G:\Львовское Игра\Proj2\SFML - Server\SFML - Server\Server.cpp(1087,44): warning C4244: аргумент: преобразование "int" в "float", возможна потеря данных
G:\Львовское Игра\Proj2\SFML - Server\SFML - Server\Server.cpp(1088,33): warning C4244: аргумент: преобразование "int" в "float", возможна потеря данных
G:\Львовское Игра\Proj2\SFML - Server\SFML - Server\Server.cpp(1097,26): warning C4244: инициализация: преобразование "int" в "float", возможна потеря данных
G:\Львовское Игра\Proj2\SFML - Server\SFML - Server\Server.cpp(1102,29): warning C4244: инициализация: преобразование "double" в "float", возможна потеря данных
G:\Львовское Игра\Proj2\SFML - Server\SFML - Server\Server.cpp(1111,59): warning C4244: аргумент: преобразование "int" в "float", возможна потеря данных
G:\Львовское Игра\Proj2\SFML - Server\SFML - Server\Server.cpp(1111,45): warning C4244: аргумент: преобразование "int" в "float", возможна потеря данных
G:\Львовское Игра\Proj2\SFML - Server\SFML - Server\Server.cpp(1112,34): warning C4244: аргумент: преобразование "int" в "float", возможна потеря данных
G:\Львовское Игра\Proj2\SFML - Server\SFML - Server\Server.cpp(1118,77): warning C4244: аргумент: преобразование "int" в "T", возможна потеря данных
          with
          [
              T=float
          ]
G:\Львовское Игра\Proj2\SFML - Server\SFML - Server\Server.cpp(1118,63): warning C4244: аргумент: преобразование "int" в "T", возможна потеря данных
          with
          [
              T=float
          ]
G:\Львовское Игра\Proj2\SFML - Server\SFML - Server\Server.cpp(1119,57): warning C4244: аргумент: преобразование "int" в "float", возможна потеря данных
G:\Львовское Игра\Proj2\SFML - Server\SFML - Server\Server.cpp(1119,43): warning C4244: аргумент: преобразование "int" в "float", возможна потеря данных
G:\Львовское Игра\Proj2\SFML - Server\SFML - Server\Server.cpp(1123,32): warning C4244: аргумент: преобразование "int" в "float", возможна потеря данных
G:\Львовское Игра\Proj2\SFML - Server\SFML - Server\Server.cpp(1128,78): warning C4244: аргумент: преобразование "int" в "T", возможна потеря данных
          with
          [
              T=float
          ]
G:\Львовское Игра\Proj2\SFML - Server\SFML - Server\Server.cpp(1128,64): warning C4244: аргумент: преобразование "int" в "T", возможна потеря данных
          with
          [
              T=float
          ]
G:\Львовское Игра\Proj2\SFML - Server\SFML - Server\Server.cpp(1129,58): warning C4244: аргумент: преобразование "int" в "float", возможна потеря данных
G:\Львовское Игра\Proj2\SFML - Server\SFML - Server\Server.cpp(1129,44): warning C4244: аргумент: преобразование "int" в "float", возможна потеря данных
G:\Львовское Игра\Proj2\SFML - Server\SFML - Server\Server.cpp(1131,33): warning C4244: аргумент: преобразование "int" в "float", возможна потеря данных
G:\Львовское Игра\Proj2\SFML - Server\SFML - Server\Server.cpp(1137,26): warning C4244: инициализация: преобразование "int" в "float", возможна потеря данных
G:\Львовское Игра\Proj2\SFML - Server\SFML - Server\Server.cpp(1140,57): warning C4244: аргумент: преобразование "int" в "float", возможна потеря данных
G:\Львовское Игра\Proj2\SFML - Server\SFML - Server\Server.cpp(1140,43): warning C4244: аргумент: преобразование "int" в "float", возможна потеря данных
G:\Львовское Игра\Proj2\SFML - Server\SFML - Server\Server.cpp(1145,32): warning C4244: аргумент: преобразование "int" в "float", возможна потеря данных
G:\Львовское Игра\Proj2\SFML - Server\SFML - Server\Server.cpp(1151,26): warning C4244: инициализация: преобразование "int" в "float", возможна потеря данных
G:\Львовское Игра\Proj2\SFML - Server\SFML - Server\Server.cpp(1154,58): warning C4244: аргумент: преобразование "int" в "float", возможна потеря данных
G:\Львовское Игра\Proj2\SFML - Server\SFML - Server\Server.cpp(1154,44): warning C4244: аргумент: преобразование "int" в "float", возможна потеря данных
G:\Львовское Игра\Proj2\SFML - Server\SFML - Server\Server.cpp(1157,33): warning C4244: аргумент: преобразование "int" в "float", возможна потеря данных
G:\Львовское Игра\Proj2\SFML - Server\SFML - Server\Server.cpp(1163,66): warning C4244: аргумент: преобразование "int" в "T", возможна потеря данных
          with
          [
              T=float
          ]
G:\Львовское Игра\Proj2\SFML - Server\SFML - Server\Server.cpp(1163,52): warning C4244: аргумент: преобразование "int" в "T", возможна потеря данных
          with
          [
              T=float
          ]
G:\Львовское Игра\Proj2\SFML - Server\SFML - Server\Server.cpp(1164,66): warning C4244: аргумент: преобразование "int" в "T", возможна потеря данных
          with
          [
              T=float
          ]
G:\Львовское Игра\Proj2\SFML - Server\SFML - Server\Server.cpp(1164,52): warning C4244: аргумент: преобразование "int" в "T", возможна потеря данных
          with
          [
              T=float
          ]
G:\Львовское Игра\Proj2\SFML - Server\SFML - Server\Server.cpp(1171,56): warning C4244: аргумент: преобразование "int" в "float", возможна потеря данных
G:\Львовское Игра\Proj2\SFML - Server\SFML - Server\Server.cpp(1171,42): warning C4244: аргумент: преобразование "int" в "float", возможна потеря данных
G:\Львовское Игра\Proj2\SFML - Server\SFML - Server\Server.cpp(1176,31): warning C4244: аргумент: преобразование "int" в "float", возможна потеря данных
G:\Львовское Игра\Proj2\SFML - Server\SFML - Server\Server.cpp(1190,58): warning C4244: аргумент: преобразование "int" в "float", возможна потеря данных
G:\Львовское Игра\Proj2\SFML - Server\SFML - Server\Server.cpp(1190,44): warning C4244: аргумент: преобразование "int" в "float", возможна потеря данных
G:\Львовское Игра\Proj2\SFML - Server\SFML - Server\Server.cpp(1191,33): warning C4244: аргумент: преобразование "int" в "float", возможна потеря данных
G:\Львовское Игра\Proj2\SFML - Server\SFML - Server\Server.cpp(1205,29): warning C4244: аргумент: преобразование "int" в "float", возможна потеря данных
G:\Львовское Игра\Proj2\SFML - Server\SFML - Server\Server.cpp(1216,30): warning C4244: аргумент: преобразование "int" в "float", возможна потеря данных
G:\Львовское Игра\Proj2\SFML - Server\SFML - Server\Server.cpp(1234,56): warning C4244: аргумент: преобразование "int" в "float", возможна потеря данных
G:\Львовское Игра\Proj2\SFML - Server\SFML - Server\Server.cpp(1234,42): warning C4244: аргумент: преобразование "int" в "float", возможна потеря данных
G:\Львовское Игра\Proj2\SFML - Server\SFML - Server\Server.cpp(1250,31): warning C4244: аргумент: преобразование "int" в "float", возможна потеря данных
G:\Львовское Игра\Proj2\SFML - Server\SFML - Server\Server.cpp(1263,50): warning C4244: аргумент: преобразование "int" в "float", возможна потеря данных
G:\Львовское Игра\Proj2\SFML - Server\SFML - Server\Server.cpp(1263,47): warning C4244: аргумент: преобразование "int" в "float", возможна потеря данных
G:\Львовское Игра\Proj2\SFML - Server\SFML - Server\Server.cpp(1266,50): warning C4244: аргумент: преобразование "int" в "float", возможна потеря данных
G:\Львовское Игра\Proj2\SFML - Server\SFML - Server\Server.cpp(1266,47): warning C4244: аргумент: преобразование "int" в "float", возможна потеря данных
G:\Львовское Игра\Proj2\SFML - Server\SFML - Server\Server.cpp(1269,50): warning C4244: аргумент: преобразование "int" в "float", возможна потеря данных
G:\Львовское Игра\Proj2\SFML - Server\SFML - Server\Server.cpp(1269,47): warning C4244: аргумент: преобразование "int" в "float", возможна потеря данных
G:\Львовское Игра\Proj2\SFML - Server\SFML - Server\Server.cpp(1272,50): warning C4244: аргумент: преобразование "int" в "float", возможна потеря данных
G:\Львовское Игра\Proj2\SFML - Server\SFML - Server\Server.cpp(1272,47): warning C4244: аргумент: преобразование "int" в "float", возможна потеря данных
G:\Львовское Игра\Proj2\SFML - Server\SFML - Server\Server.cpp(1275,50): warning C4244: аргумент: преобразование "int" в "float", возможна потеря данных
G:\Львовское Игра\Proj2\SFML - Server\SFML - Server\Server.cpp(1275,47): warning C4244: аргумент: преобразование "int" в "float", возможна потеря данных
G:\Львовское Игра\Proj2\SFML - Server\SFML - Server\Server.cpp(1278,50): warning C4244: аргумент: преобразование "int" в "float", возможна потеря данных
G:\Львовское Игра\Proj2\SFML - Server\SFML - Server\Server.cpp(1278,47): warning C4244: аргумент: преобразование "int" в "float", возможна потеря данных
G:\Львовское Игра\Proj2\SFML - Server\SFML - Server\Server.cpp(1281,50): warning C4244: аргумент: преобразование "int" в "float", возможна потеря данных
G:\Львовское Игра\Proj2\SFML - Server\SFML - Server\Server.cpp(1281,47): warning C4244: аргумент: преобразование "int" в "float", возможна потеря данных
G:\Львовское Игра\Proj2\SFML - Server\SFML - Server\Server.cpp(1284,50): warning C4244: аргумент: преобразование "int" в "float", возможна потеря данных
G:\Львовское Игра\Proj2\SFML - Server\SFML - Server\Server.cpp(1284,47): warning C4244: аргумент: преобразование "int" в "float", возможна потеря данных
G:\Львовское Игра\Proj2\SFML - Server\SFML - Server\Server.cpp(1287,50): warning C4244: аргумент: преобразование "int" в "float", возможна потеря данных
G:\Львовское Игра\Proj2\SFML - Server\SFML - Server\Server.cpp(1287,47): warning C4244: аргумент: преобразование "int" в "float", возможна потеря данных
G:\Львовское Игра\Proj2\SFML - Server\SFML - Server\Server.cpp(1290,50): warning C4244: аргумент: преобразование "int" в "float", возможна потеря данных
G:\Львовское Игра\Proj2\SFML - Server\SFML - Server\Server.cpp(1290,47): warning C4244: аргумент: преобразование "int" в "float", возможна потеря данных
G:\Львовское Игра\Proj2\SFML - Server\SFML - Server\Server.cpp(1293,50): warning C4244: аргумент: преобразование "int" в "float", возможна потеря данных
G:\Львовское Игра\Proj2\SFML - Server\SFML - Server\Server.cpp(1293,47): warning C4244: аргумент: преобразование "int" в "float", возможна потеря данных
G:\Львовское Игра\Proj2\SFML - Server\SFML - Server\Server.cpp(1296,50): warning C4244: аргумент: преобразование "int" в "float", возможна потеря данных
G:\Львовское Игра\Proj2\SFML - Server\SFML - Server\Server.cpp(1296,47): warning C4244: аргумент: преобразование "int" в "float", возможна потеря данных
G:\Львовское Игра\Proj2\SFML - Server\SFML - Server\Server.cpp(1299,50): warning C4244: аргумент: преобразование "int" в "float", возможна потеря данных
G:\Львовское Игра\Proj2\SFML - Server\SFML - Server\Server.cpp(1299,47): warning C4244: аргумент: преобразование "int" в "float", возможна потеря данных
G:\Львовское Игра\Proj2\SFML - Server\SFML - Server\Server.cpp(1302,50): warning C4244: аргумент: преобразование "int" в "float", возможна потеря данных
G:\Львовское Игра\Proj2\SFML - Server\SFML - Server\Server.cpp(1302,47): warning C4244: аргумент: преобразование "int" в "float", возможна потеря данных
G:\Львовское Игра\Proj2\SFML - Server\SFML - Server\Server.cpp(1305,50): warning C4244: аргумент: преобразование "int" в "float", возможна потеря данных
G:\Львовское Игра\Proj2\SFML - Server\SFML - Server\Server.cpp(1305,47): warning C4244: аргумент: преобразование "int" в "float", возможна потеря данных
G:\Львовское Игра\Proj2\SFML - Server\SFML - Server\Server.cpp(1308,50): warning C4244: аргумент: преобразование "int" в "float", возможна потеря данных
G:\Львовское Игра\Proj2\SFML - Server\SFML - Server\Server.cpp(1308,47): warning C4244: аргумент: преобразование "int" в "float", возможна потеря данных
G:\Львовское Игра\Proj2\SFML - Server\SFML - Server\Server.cpp(1311,50): warning C4244: аргумент: преобразование "int" в "float", возможна потеря данных
G:\Львовское Игра\Proj2\SFML - Server\SFML - Server\Server.cpp(1311,47): warning C4244: аргумент: преобразование "int" в "float", возможна потеря данных
G:\Львовское Игра\Proj2\SFML - Server\SFML - Server\Server.cpp(1314,50): warning C4244: аргумент: преобразование "int" в "float", возможна потеря данных
G:\Львовское Игра\Proj2\SFML - Server\SFML - Server\Server.cpp(1314,47): warning C4244: аргумент: преобразование "int" в "float", возможна потеря данных
G:\Львовское Игра\Proj2\SFML - Server\SFML - Server\Server.cpp(1317,50): warning C4244: аргумент: преобразование "int" в "float", возможна потеря данных
G:\Львовское Игра\Proj2\SFML - Server\SFML - Server\Server.cpp(1317,47): warning C4244: аргумент: преобразование "int" в "float", возможна потеря данных
G:\Львовское Игра\Proj2\SFML - Server\SFML - Server\Server.cpp(1320,50): warning C4244: аргумент: преобразование "int" в "float", возможна потеря данных
G:\Львовское Игра\Proj2\SFML - Server\SFML - Server\Server.cpp(1320,47): warning C4244: аргумент: преобразование "int" в "float", возможна потеря данных
G:\Львовское Игра\Proj2\SFML - Server\SFML - Server\Server.cpp(1323,50): warning C4244: аргумент: преобразование "int" в "float", возможна потеря данных
G:\Львовское Игра\Proj2\SFML - Server\SFML - Server\Server.cpp(1323,47): warning C4244: аргумент: преобразование "int" в "float", возможна потеря данных
G:\Львовское Игра\Proj2\SFML - Server\SFML - Server\Server.cpp(1326,50): warning C4244: аргумент: преобразование "int" в "float", возможна потеря данных
G:\Львовское Игра\Proj2\SFML - Server\SFML - Server\Server.cpp(1326,47): warning C4244: аргумент: преобразование "int" в "float", возможна потеря данных
G:\Львовское Игра\Proj2\SFML - Server\SFML - Server\Server.cpp(1329,50): warning C4244: аргумент: преобразование "int" в "float", возможна потеря данных
G:\Львовское Игра\Proj2\SFML - Server\SFML - Server\Server.cpp(1329,47): warning C4244: аргумент: преобразование "int" в "float", возможна потеря данных
G:\Львовское Игра\Proj2\SFML - Server\SFML - Server\Server.cpp(1332,50): warning C4244: аргумент: преобразование "int" в "float", возможна потеря данных
G:\Львовское Игра\Proj2\SFML - Server\SFML - Server\Server.cpp(1332,47): warning C4244: аргумент: преобразование "int" в "float", возможна потеря данных
G:\Львовское Игра\Proj2\SFML - Server\SFML - Server\Server.cpp(1335,50): warning C4244: аргумент: преобразование "int" в "float", возможна потеря данных
G:\Львовское Игра\Proj2\SFML - Server\SFML - Server\Server.cpp(1335,47): warning C4244: аргумент: преобразование "int" в "float", возможна потеря данных
G:\Львовское Игра\Proj2\SFML - Server\SFML - Server\Server.cpp(1338,50): warning C4244: аргумент: преобразование "int" в "float", возможна потеря данных
G:\Львовское Игра\Proj2\SFML - Server\SFML - Server\Server.cpp(1338,47): warning C4244: аргумент: преобразование "int" в "float", возможна потеря данных
G:\Львовское Игра\Proj2\SFML - Server\SFML - Server\Server.cpp(1352,57): warning C4244: аргумент: преобразование "int" в "float", возможна потеря данных
G:\Львовское Игра\Proj2\SFML - Server\SFML - Server\Server.cpp(1352,43): warning C4244: аргумент: преобразование "int" в "float", возможна потеря данных
  SFML - Server.vcxproj -> G:\Львовское Игра\Proj2\SFML - Server\x64\Debug\SFML - Server.exe
